  Source.cpp
D:\БГУИР\2й курс по учебе\Конструирование программ и языки программирования\lab3.7\lab3.7\Source.cpp(90,12): warning C4244: =: преобразование "double" в "char", возможна потеря данных
D:\БГУИР\2й курс по учебе\Конструирование программ и языки программирования\lab3.7\lab3.7\Source.cpp(37,13): warning C4244: =: преобразование "double" в "int", возможна потеря данных
D:\БГУИР\2й курс по учебе\Конструирование программ и языки программирования\lab3.7\lab3.7\Source.cpp(136): message : выполняется компиляция ссылки на экземпляр шаблон функции "T1 *sort<int*,int>(T1,T2)"
          with
          [
              T1=int *,
              T2=int
          ]
D:\БГУИР\2й курс по учебе\Конструирование программ и языки программирования\lab3.7\lab3.7\Source.cpp(48,13): warning C4244: =: преобразование "double" в "int", возможна потеря данных
D:\БГУИР\2й курс по учебе\Конструирование программ и языки программирования\lab3.7\lab3.7\Source.cpp(15,12): warning C4244: инициализация: преобразование "float" в "int", возможна потеря данных
D:\БГУИР\2й курс по учебе\Конструирование программ и языки программирования\lab3.7\lab3.7\Source.cpp(148): message : выполняется компиляция ссылки на экземпляр шаблон функции "T1 *sort<float*,int>(T1,T2)"
          with
          [
              T1=float *,
              T2=int
          ]
D:\БГУИР\2й курс по учебе\Конструирование программ и языки программирования\lab3.7\lab3.7\Source.cpp(37,13): warning C4244: =: преобразование "double" в "float", возможна потеря данных
D:\БГУИР\2й курс по учебе\Конструирование программ и языки программирования\lab3.7\lab3.7\Source.cpp(48,13): warning C4244: =: преобразование "double" в "float", возможна потеря данных
  lab3.7.vcxproj -> D:\БГУИР\2й курс по учебе\Конструирование программ и языки программирования\lab3.7\Debug\lab3.7.exe
